0 info it worked if it ends with ok
1 verbose cli [ '/usr/local/bin/node',
1 verbose cli   '/usr/local/bin/npm',
1 verbose cli   'install',
1 verbose cli   'bodyparser',
1 verbose cli   '--save' ]
2 info using npm@1.4.28
3 info using node@v0.10.32
4 verbose readDependencies using package.json deps
5 verbose cache add [ 'bodyparser', null ]
6 verbose cache add name=undefined spec="bodyparser" args=["bodyparser",null]
7 verbose parsed url { protocol: null,
7 verbose parsed url   slashes: null,
7 verbose parsed url   auth: null,
7 verbose parsed url   host: null,
7 verbose parsed url   port: null,
7 verbose parsed url   hostname: null,
7 verbose parsed url   hash: null,
7 verbose parsed url   search: null,
7 verbose parsed url   query: null,
7 verbose parsed url   pathname: 'bodyparser',
7 verbose parsed url   path: 'bodyparser',
7 verbose parsed url   href: 'bodyparser' }
8 silly lockFile 981361c8-bodyparser bodyparser
9 verbose lock bodyparser /home/john/.npm/981361c8-bodyparser.lock
10 silly lockFile 981361c8-bodyparser bodyparser
11 silly lockFile 981361c8-bodyparser bodyparser
12 verbose addNamed [ 'bodyparser', '' ]
13 verbose addNamed [ null, '*' ]
14 silly lockFile 6c35f799-bodyparser bodyparser@
15 verbose lock bodyparser@ /home/john/.npm/6c35f799-bodyparser.lock
16 silly addNameRange { name: 'bodyparser', range: '*', hasData: false }
17 verbose request where is /bodyparser
18 verbose request registry https://registry.npmjs.org/
19 verbose request id e364b2ba5b6974eb
20 verbose url raw /bodyparser
21 verbose url resolving [ 'https://registry.npmjs.org/', './bodyparser' ]
22 verbose url resolved https://registry.npmjs.org/bodyparser
23 verbose request where is https://registry.npmjs.org/bodyparser
24 info trying registry request attempt 1 at 18:31:32
25 http GET https://registry.npmjs.org/bodyparser
26 http 404 https://registry.npmjs.org/bodyparser
27 silly registry.get cb [ 404,
27 silly registry.get   { 'content-type': 'application/json',
27 silly registry.get     'cache-control': 'max-age=0',
27 silly registry.get     'content-length': '2',
27 silly registry.get     'accept-ranges': 'bytes',
27 silly registry.get     date: 'Mon, 31 Oct 2016 17:31:34 GMT',
27 silly registry.get     via: '1.1 varnish',
27 silly registry.get     age: '0',
27 silly registry.get     connection: 'keep-alive',
27 silly registry.get     'x-served-by': 'cache-bma7030-BMA',
27 silly registry.get     'x-cache': 'MISS',
27 silly registry.get     'x-cache-hits': '0',
27 silly registry.get     'x-timer': 'S1477935094.390807,VS0,VE500',
27 silly registry.get     vary: 'Accept-Encoding' } ]
28 silly lockFile 6c35f799-bodyparser bodyparser@
29 silly lockFile 6c35f799-bodyparser bodyparser@
30 error 404 Not Found
30 error 404
30 error 404 'bodyparser' is not in the npm registry.
30 error 404 You should bug the author to publish it
30 error 404 It was specified as a dependency of 'gBack'
30 error 404
30 error 404 Note that you can also install from a
30 error 404 tarball, folder, or http url, or git url.
31 error System Linux 4.2.0-040200-generic
32 error command "/usr/local/bin/node" "/usr/local/bin/npm" "install" "bodyparser" "--save"
33 error cwd /home/john/Documents/Programmering/gBack
34 error node -v v0.10.32
35 error npm -v 1.4.28
36 error code E404
37 verbose exit [ 1, true ]
